Starting FastQC using sample sheet: /home/jbonnier/work/chapitre_5/full_workflow_nuclear/metadata/sample_sheet_test.csv
Results will be saved to: /home/jbonnier/work/chapitre_5/full_workflow_nuclear/01-quality_control/workflow_test/fastqc_results
Processing file: /home/jbonnier/work/chapitre_5/raw_data/ind_dicorynia/EXPAND/DSW_AAAYOSDA_5_1_22VLJNLT4.UDI292_clean.fastq.gz
application/gzip
Analysis complete for DSW_AAAYOSDA_5_1_22VLJNLT4.UDI292_clean.fastq.gz
Processing file: /home/jbonnier/work/chapitre_5/raw_data/ind_dicorynia/EXPAND/DSW_AAAYOSDA_5_2_22VLJNLT4.UDI292_clean.fastq.gz
application/gzip
Analysis complete for DSW_AAAYOSDA_5_2_22VLJNLT4.UDI292_clean.fastq.gz
Processing file: /home/jbonnier/work/chapitre_5/raw_data/ind_dicorynia/EXPAND/DSW_AABOOSDA_5_1_22VLJNLT4.UDI294_clean.fastq.gz
application/gzip
Analysis complete for DSW_AABOOSDA_5_1_22VLJNLT4.UDI294_clean.fastq.gz
Processing file: /home/jbonnier/work/chapitre_5/raw_data/ind_dicorynia/EXPAND/DSW_AABOOSDA_5_2_22VLJNLT4.UDI294_clean.fastq.gz
application/gzip
Analysis complete for DSW_AABOOSDA_5_2_22VLJNLT4.UDI294_clean.fastq.gz
Processing file: /home/jbonnier/work/chapitre_5/raw_data/ind_dicorynia/G-MANAGE/DBR_ACXOSDA_2_1_HNWVMDSX3.UDI008_clean.fastq.gz
application/gzip
Analysis complete for DBR_ACXOSDA_2_1_HNWVMDSX3.UDI008_clean.fastq.gz
Processing file: /home/jbonnier/work/chapitre_5/raw_data/ind_dicorynia/G-MANAGE/DBR_ACXOSDA_2_2_HNWVMDSX3.UDI008_clean.fastq.gz
application/gzip
Analysis complete for DBR_ACXOSDA_2_2_HNWVMDSX3.UDI008_clean.fastq.gz
Processing file: /home/jbonnier/work/chapitre_5/raw_data/ind_dicorynia/G-MANAGE/DBR_ACYOSDA_2_1_HNWVMDSX3.UDI011_clean.fastq.gz
application/gzip
Analysis complete for DBR_ACYOSDA_2_1_HNWVMDSX3.UDI011_clean.fastq.gz
Processing file: /home/jbonnier/work/chapitre_5/raw_data/ind_dicorynia/G-MANAGE/DBR_ACYOSDA_2_2_HNWVMDSX3.UDI011_clean.fastq.gz
application/gzip
Analysis complete for DBR_ACYOSDA_2_2_HNWVMDSX3.UDI011_clean.fastq.gz
Processing file: /home/jbonnier/work/chapitre_5/raw_data/outgroups/DBR_AGOOSDA_7_1_22VLJNLT4.UDI176_clean.fastq.gz
application/gzip
Analysis complete for DBR_AGOOSDA_7_1_22VLJNLT4.UDI176_clean.fastq.gz
Processing file: /home/jbonnier/work/chapitre_5/raw_data/outgroups/DBR_AGOOSDA_7_2_22VLJNLT4.UDI176_clean.fastq.gz
application/gzip
Analysis complete for DBR_AGOOSDA_7_2_22VLJNLT4.UDI176_clean.fastq.gz
Processing file: /home/jbonnier/work/chapitre_5/raw_data/outgroups/DBR_AGPOSDA_7_1_22VLJNLT4.UDI177_clean.fastq.gz
application/gzip
Analysis complete for DBR_AGPOSDA_7_1_22VLJNLT4.UDI177_clean.fastq.gz
Processing file: /home/jbonnier/work/chapitre_5/raw_data/outgroups/DBR_AGPOSDA_7_2_22VLJNLT4.UDI177_clean.fastq.gz
application/gzip
